[ 2024-08-14 08:59:28,906 ] 21 src.logger.custom_logging - INFO - Getting Dataframe
[ 2024-08-14 08:59:28,951 ] 25 src.logger.custom_logging - INFO - Saving Dataframe
[ 2024-08-14 08:59:28,953 ] 29 src.logger.custom_logging - INFO - Train test split of dataframe
[ 2024-08-14 08:59:29,000 ] 35 src.logger.custom_logging - INFO - Saved train set and test set
[ 2024-08-14 08:59:29,001 ] 37 src.logger.custom_logging - INFO - Data ingestion complete
[ 2024-08-14 08:59:29,001 ] 80 src.logger.custom_logging - INFO - Entered into Data Transformation
[ 2024-08-14 08:59:29,038 ] 84 src.logger.custom_logging - INFO - Read train and test data completed
[ 2024-08-14 08:59:29,038 ] 42 src.logger.custom_logging - INFO - enterd into combine feature function
[ 2024-08-14 08:59:29,046 ] 56 src.logger.custom_logging - INFO - Applying preprocessing function
[ 2024-08-14 09:01:33,987 ] 42 src.logger.custom_logging - INFO - enterd into combine feature function
[ 2024-08-14 09:01:33,990 ] 56 src.logger.custom_logging - INFO - Applying preprocessing function
[ 2024-08-14 09:02:04,784 ] 92 src.logger.custom_logging - INFO - Applied Preprocess function
[ 2024-08-14 09:02:04,923 ] 101 src.logger.custom_logging - INFO - Transformed X_train and X test
[ 2024-08-14 09:02:04,925 ] 108 src.logger.custom_logging - INFO - Transformed train label and test label
[ 2024-08-14 09:02:06,634 ] 117 src.logger.custom_logging - INFO - Preprocessor object saved at artifacts/data_transformation/preprocessor.pkl
[ 2024-08-14 09:02:06,634 ] 119 src.logger.custom_logging - INFO - Exited from Data Transformation
[ 2024-08-14 09:02:06,638 ] 17 src.logger.custom_logging - INFO - Entered into Model Trainer
[ 2024-08-14 09:02:06,638 ] 38 src.logger.custom_logging - INFO - Going to Evaluate model
[ 2024-08-14 09:28:49,199 ] 40 src.logger.custom_logging - INFO - Model evalution completed
[ 2024-08-14 09:28:49,200 ] 43 src.logger.custom_logging - INFO - Model Report : {'Random Forest': 0.7098458478368971}
[ 2024-08-14 09:28:49,200 ] 56 src.logger.custom_logging - INFO - best model found, Model Name is Random Forest, accuracy Score: 0.7098458478368971
[ 2024-08-14 09:28:49,207 ] 63 src.logger.custom_logging - INFO - Exited from Model Trainer
